[WARN ] 06-21-2019 00:57:29 org.apache.pdfbox.pdmodel.font.PDSimpleFont toUnicode - No Unicode mapping for contintegraldisplay (73) in font XNOVLA+LMMathExtension10-Regular
[WARN ] 06-21-2019 00:58:16 org.apache.pdfbox.pdmodel.font.PDSimpleFont toUnicode - No Unicode mapping for contintegraldisplay (73) in font XNOVLA+LMMathExtension10-Regular
[INFO ] 06-21-2019 00:58:37 pl.edu.mimuw.kk408986.WatchDir processEvents - ENTRY_CREATE: /home/baka475/Pulpit/test/Katalog bez nazwy
[INFO ] 06-21-2019 01:01:17 pl.edu.mimuw.kk408986.WatchDir processEvents - ENTRY_DELETE: /home/baka475/Pulpit/test/Kacper
[INFO ] 06-21-2019 01:01:43 pl.edu.mimuw.kk408986.WatchDir processEvents - ENTRY_DELETE: /home/baka475/Pulpit/test/rblarba-pl.pdf
[WARN ] 06-21-2019 01:03:53 org.apache.pdfbox.pdmodel.font.PDSimpleFont toUnicode - No Unicode mapping for contintegraldisplay (73) in font XNOVLA+LMMathExtension10-Regular
[INFO ] 06-21-2019 01:03:54 pl.edu.mimuw.kk408986.WatchDir processEvents - ENTRY_CREATE: /home/baka475/Pulpit/test/rblarba-pl.pdf
[WARN ] 06-21-2019 01:03:54 org.apache.pdfbox.pdmodel.font.PDSimpleFont toUnicode - No Unicode mapping for contintegraldisplay (73) in font XNOVLA+LMMathExtension10-Regular
[INFO ] 06-21-2019 01:03:54 pl.edu.mimuw.kk408986.WatchDir processEvents - ENTRY_MODIFY: /home/baka475/Pulpit/test/rblarba-pl.pdf
[INFO ] 06-21-2019 01:05:06 pl.edu.mimuw.kk408986.WatchDir processEvents - ENTRY_DELETE: /home/baka475/Pulpit/test/rblarba-pl.pdf
[INFO ] 06-21-2019 01:07:14 pl.edu.mimuw.kk408986.WatchDir processEvents - ENTRY_DELETE: /home/baka475/Pulpit/test/english.txt
[WARN ] 06-21-2019 01:07:35 org.apache.pdfbox.pdmodel.font.PDSimpleFont toUnicode - No Unicode mapping for contintegraldisplay (73) in font XNOVLA+LMMathExtension10-Regular
[INFO ] 06-21-2019 01:07:36 pl.edu.mimuw.kk408986.WatchDir processEvents - ENTRY_CREATE: /home/baka475/Pulpit/test/rblarba-pl.pdf
[WARN ] 06-21-2019 01:07:36 org.apache.pdfbox.pdmodel.font.PDSimpleFont toUnicode - No Unicode mapping for contintegraldisplay (73) in font XNOVLA+LMMathExtension10-Regular
[INFO ] 06-21-2019 01:07:36 pl.edu.mimuw.kk408986.WatchDir processEvents - ENTRY_MODIFY: /home/baka475/Pulpit/test/rblarba-pl.pdf
[ERROR] 06-21-2019 01:19:46 pl.edu.mimuw.kk408986.WatchDir reactOnCommand - Low-level I/O error: 
org.apache.lucene.index.IndexNotFoundException: no segments* file found in MMapDirectory@/home/baka475/.index2 lockFactory=org.apache.lucene.store.NativeFSLockFactory@70be0a2b: files: []
	at org.apache.lucene.index.SegmentInfos$FindSegmentsFile.run(SegmentInfos.java:675)
	at org.apache.lucene.index.StandardDirectoryReader.open(StandardDirectoryReader.java:84)
	at org.apache.lucene.index.DirectoryReader.open(DirectoryReader.java:76)
	at org.apache.lucene.index.DirectoryReader.open(DirectoryReader.java:64)
	at pl.edu.mimuw.kk408986.Searcher.searchCommand(Searcher.java:122)
	at pl.edu.mimuw.kk408986.Searcher.reactOnCommand(Searcher.java:89)
	at pl.edu.mimuw.kk408986.Searcher.openTerminal(Searcher.java:73)
	at pl.edu.mimuw.kk408986.Searcher.main(Searcher.java:47)
[INFO ] 06-21-2019 01:59:11 pl.edu.mimuw.kk408986.WatchDir main - Indexer started!
[INFO ] 06-21-2019 02:08:34 pl.edu.mimuw.kk408986.WatchDir purgeIndex - Index has been purged.
[INFO ] 06-21-2019 02:08:51 pl.edu.mimuw.kk408986.WatchDir reindex - All directories reindexed.
[INFO ] 06-21-2019 02:09:57 pl.edu.mimuw.kk408986.WatchDir reindex - No directories to reindex.
[INFO ] 06-21-2019 02:11:16 pl.edu.mimuw.kk408986.WatchDir removeFromIndex - Given directory is not indexed.
[INFO ] 06-21-2019 02:11:35 pl.edu.mimuw.kk408986.WatchDir addDirectoryToIndexedDirectories - Directory /home/baka475/Pulpit/test added.
[WARN ] 06-21-2019 02:11:36 org.apache.pdfbox.pdmodel.font.PDSimpleFont toUnicode - No Unicode mapping for contintegraldisplay (73) in font XNOVLA+LMMathExtension10-Regular
[INFO ] 06-21-2019 02:12:20 pl.edu.mimuw.kk408986.WatchDir removeFromIndex - Directory /home/baka475/Pulpit/test removed.
[INFO ] 06-21-2019 02:12:36 pl.edu.mimuw.kk408986.WatchDir purgeIndex - Index has been purged.
[INFO ] 06-21-2019 09:53:36 pl.edu.mimuw.kk408986.WatchDir main - Indexer has started observation.
[INFO ] 06-21-2019 09:53:50 pl.edu.mimuw.kk408986.WatchDir purgeIndex - Index has been purged.
[INFO ] 06-21-2019 09:54:13 pl.edu.mimuw.kk408986.WatchDir addDirectoryToIndexedDirectories - Directory /home/baka475/Pulpit/test added.
[WARN ] 06-21-2019 09:54:14 org.apache.pdfbox.pdmodel.font.PDSimpleFont toUnicode - No Unicode mapping for contintegraldisplay (73) in font XNOVLA+LMMathExtension10-Regular
[INFO ] 06-21-2019 09:54:40 pl.edu.mimuw.kk408986.WatchDir removeFromIndex - Directory /home/baka475/Pulpit/test removed.
[INFO ] 06-21-2019 09:55:41 pl.edu.mimuw.kk408986.WatchDir removeFromIndex - Directory /home/baka475/Pulpit/test removed.
[INFO ] 06-21-2019 09:56:54 pl.edu.mimuw.kk408986.WatchDir purgeIndex - Index has been purged.
[INFO ] 06-21-2019 09:57:21 pl.edu.mimuw.kk408986.WatchDir addDirectoryToIndexedDirectories - Directory /home/baka475/Pulpit/test added.
[WARN ] 06-21-2019 09:57:22 org.apache.pdfbox.pdmodel.font.PDSimpleFont toUnicode - No Unicode mapping for contintegraldisplay (73) in font XNOVLA+LMMathExtension10-Regular
[INFO ] 06-21-2019 09:57:36 pl.edu.mimuw.kk408986.WatchDir addDirectoryToIndexedDirectories - Directory /home/baka475/Pulpit/Kacper/rejs added.
[INFO ] 06-21-2019 09:58:05 pl.edu.mimuw.kk408986.WatchDir removeFromIndex - Directory /home/baka475/Pulpit/test removed.
[INFO ] 06-21-2019 11:55:07 pl.edu.mimuw.kk408986.WatchDir purgeIndex - Index has been purged.
[INFO ] 06-21-2019 11:55:28 pl.edu.mimuw.kk408986.WatchDir addDirectoryToIndexedDirectories - Directory /home/baka475/Pulpit/test added.
[WARN ] 06-21-2019 11:55:29 org.apache.pdfbox.pdmodel.font.PDSimpleFont toUnicode - No Unicode mapping for contintegraldisplay (73) in font XNOVLA+LMMathExtension10-Regular
[INFO ] 06-21-2019 11:56:03 pl.edu.mimuw.kk408986.WatchDir removeFromIndex - Directory /home/baka475/Pulpit/test removed.
[INFO ] 06-21-2019 11:58:48 pl.edu.mimuw.kk408986.WatchDir removeFromIndex - Directory /home/baka475/Pulpit/test removed.
[INFO ] 06-21-2019 11:59:59 pl.edu.mimuw.kk408986.WatchDir removeFromIndex - Directory /home/baka475/Pulpit/test removed.
[INFO ] 06-21-2019 12:00:21 pl.edu.mimuw.kk408986.WatchDir removeFromIndex - Directory /home/baka475/Pulpit/test removed.
[INFO ] 06-21-2019 12:00:47 pl.edu.mimuw.kk408986.WatchDir removeFromIndex - Directory /home/baka475/Pulpit/test removed.
[INFO ] 06-21-2019 12:01:04 pl.edu.mimuw.kk408986.WatchDir removeFromIndex - Directory /home/baka475/Pulpit/test removed.
[ERROR] 06-21-2019 12:01:29 pl.edu.mimuw.kk408986.WatchDir main - Low-level I/O error: 
org.apache.lucene.store.LockObtainFailedException: Lock held by this virtual machine: /home/baka475/.index/write.lock
	at org.apache.lucene.store.NativeFSLockFactory.obtainFSLock(NativeFSLockFactory.java:139)
	at org.apache.lucene.store.FSLockFactory.obtainLock(FSLockFactory.java:41)
	at org.apache.lucene.store.BaseDirectory.obtainLock(BaseDirectory.java:45)
	at org.apache.lucene.index.IndexWriter.<init>(IndexWriter.java:729)
	at pl.edu.mimuw.kk408986.FileIndexer.createIndexWriter(FileIndexer.java:160)
	at pl.edu.mimuw.kk408986.FileIndexer.deleteDocs(FileIndexer.java:93)
	at pl.edu.mimuw.kk408986.WatchDir.removeFromIndex(WatchDir.java:135)
	at pl.edu.mimuw.kk408986.WatchDir.main(WatchDir.java:255)
[ERROR] 06-21-2019 12:02:45 pl.edu.mimuw.kk408986.WatchDir main - Low-level I/O error: 
org.apache.lucene.store.LockObtainFailedException: Lock held by this virtual machine: /home/baka475/.index/write.lock
	at org.apache.lucene.store.NativeFSLockFactory.obtainFSLock(NativeFSLockFactory.java:139)
	at org.apache.lucene.store.FSLockFactory.obtainLock(FSLockFactory.java:41)
	at org.apache.lucene.store.BaseDirectory.obtainLock(BaseDirectory.java:45)
	at org.apache.lucene.index.IndexWriter.<init>(IndexWriter.java:729)
	at pl.edu.mimuw.kk408986.FileIndexer.createIndexWriter(FileIndexer.java:160)
	at pl.edu.mimuw.kk408986.FileIndexer.deleteDocs(FileIndexer.java:93)
	at pl.edu.mimuw.kk408986.WatchDir.removeFromIndex(WatchDir.java:135)
	at pl.edu.mimuw.kk408986.WatchDir.main(WatchDir.java:255)
[ERROR] 06-21-2019 12:02:55 pl.edu.mimuw.kk408986.WatchDir main - Low-level I/O error: 
org.apache.lucene.store.LockObtainFailedException: Lock held by this virtual machine: /home/baka475/.index/write.lock
	at org.apache.lucene.store.NativeFSLockFactory.obtainFSLock(NativeFSLockFactory.java:139)
	at org.apache.lucene.store.FSLockFactory.obtainLock(FSLockFactory.java:41)
	at org.apache.lucene.store.BaseDirectory.obtainLock(BaseDirectory.java:45)
	at org.apache.lucene.index.IndexWriter.<init>(IndexWriter.java:729)
	at pl.edu.mimuw.kk408986.FileIndexer.createIndexWriter(FileIndexer.java:160)
	at pl.edu.mimuw.kk408986.FileIndexer.deleteDocs(FileIndexer.java:93)
	at pl.edu.mimuw.kk408986.WatchDir.removeFromIndex(WatchDir.java:135)
	at pl.edu.mimuw.kk408986.WatchDir.main(WatchDir.java:255)
[INFO ] 06-21-2019 12:03:27 pl.edu.mimuw.kk408986.WatchDir removeFromIndex - Directory /home/baka475/Pulpit/test removed.
[INFO ] 06-21-2019 12:04:09 pl.edu.mimuw.kk408986.WatchDir removeFromIndex - Directory /home/baka475/Pulpit/test removed.
[INFO ] 06-21-2019 12:07:57 pl.edu.mimuw.kk408986.WatchDir addDirectoryToIndexedDirectories - Directory /home/baka475/Pulpit/test added.
[WARN ] 06-21-2019 12:07:58 org.apache.pdfbox.pdmodel.font.PDSimpleFont toUnicode - No Unicode mapping for contintegraldisplay (73) in font XNOVLA+LMMathExtension10-Regular
[INFO ] 06-21-2019 12:08:11 pl.edu.mimuw.kk408986.WatchDir removeFromIndex - Directory /home/baka475/Pulpit/test removed.
[INFO ] 06-21-2019 12:15:24 pl.edu.mimuw.kk408986.WatchDir addDirectoryToIndexedDirectories - Directory /home/baka475/Pulpit/test added.
[WARN ] 06-21-2019 12:15:25 org.apache.pdfbox.pdmodel.font.PDSimpleFont toUnicode - No Unicode mapping for contintegraldisplay (73) in font XNOVLA+LMMathExtension10-Regular
[INFO ] 06-21-2019 12:15:51 pl.edu.mimuw.kk408986.WatchDir removeFromIndex - Directory /home/baka475/Pulpit/test removed.
[INFO ] 06-21-2019 12:16:13 pl.edu.mimuw.kk408986.WatchDir purgeIndex - Index has been purged.
[INFO ] 06-21-2019 12:16:30 pl.edu.mimuw.kk408986.WatchDir addDirectoryToIndexedDirectories - Directory /home/baka475/Pulpit/test added.
[WARN ] 06-21-2019 12:16:32 org.apache.pdfbox.pdmodel.font.PDSimpleFont toUnicode - No Unicode mapping for contintegraldisplay (73) in font XNOVLA+LMMathExtension10-Regular
[INFO ] 06-21-2019 12:17:03 pl.edu.mimuw.kk408986.WatchDir removeFromIndex - Directory /home/baka475/Pulpit/test removed.
[INFO ] 06-21-2019 12:20:10 pl.edu.mimuw.kk408986.WatchDir addDirectoryToIndexedDirectories - Directory /home/baka475/Pulpit/test added.
[WARN ] 06-21-2019 12:20:11 org.apache.pdfbox.pdmodel.font.PDSimpleFont toUnicode - No Unicode mapping for contintegraldisplay (73) in font XNOVLA+LMMathExtension10-Regular
[INFO ] 06-21-2019 12:20:30 pl.edu.mimuw.kk408986.WatchDir removeFromIndex - Directory /home/baka475/Pulpit/test removed.
[INFO ] 06-21-2019 12:22:42 pl.edu.mimuw.kk408986.WatchDir removeFromIndex - Directory /home/baka475/Pulpit/test removed.
[INFO ] 06-21-2019 12:23:05 pl.edu.mimuw.kk408986.WatchDir removeFromIndex - Directory /home/baka475/Pulpit/test removed.
[INFO ] 06-21-2019 12:23:46 pl.edu.mimuw.kk408986.WatchDir removeFromIndex - Directory /home/baka475/Pulpit/test removed.
[INFO ] 06-21-2019 12:24:41 pl.edu.mimuw.kk408986.WatchDir removeFromIndex - Directory /home/baka475/Pulpit/test removed.
[INFO ] 06-21-2019 12:28:48 pl.edu.mimuw.kk408986.WatchDir purgeIndex - Index has been purged.
[INFO ] 06-21-2019 12:29:03 pl.edu.mimuw.kk408986.WatchDir addDirectoryToIndexedDirectories - Directory /home/baka475/Pulpit/test added.
[WARN ] 06-21-2019 12:29:04 org.apache.pdfbox.pdmodel.font.PDSimpleFont toUnicode - No Unicode mapping for contintegraldisplay (73) in font XNOVLA+LMMathExtension10-Regular
[INFO ] 06-21-2019 12:29:23 pl.edu.mimuw.kk408986.WatchDir removeFromIndex - Given directory is not indexed.
[INFO ] 06-21-2019 12:36:43 pl.edu.mimuw.kk408986.WatchDir purgeIndex - Index has been purged.
[INFO ] 06-21-2019 12:36:53 pl.edu.mimuw.kk408986.WatchDir addDirectoryToIndexedDirectories - Directory /home/baka475/Pulpit/test added.
[WARN ] 06-21-2019 12:36:54 org.apache.pdfbox.pdmodel.font.PDSimpleFont toUnicode - No Unicode mapping for contintegraldisplay (73) in font XNOVLA+LMMathExtension10-Regular
[INFO ] 06-21-2019 12:37:11 pl.edu.mimuw.kk408986.WatchDir removeFromIndex - Given directory is not indexed.
[INFO ] 06-21-2019 12:38:35 pl.edu.mimuw.kk408986.WatchDir removeFromIndex - Given directory is not indexed.
[INFO ] 06-21-2019 12:38:45 pl.edu.mimuw.kk408986.WatchDir purgeIndex - Index has been purged.
[INFO ] 06-21-2019 12:38:56 pl.edu.mimuw.kk408986.WatchDir addDirectoryToIndexedDirectories - Directory /home/baka475/Pulpit/test added.
[WARN ] 06-21-2019 12:38:57 org.apache.pdfbox.pdmodel.font.PDSimpleFont toUnicode - No Unicode mapping for contintegraldisplay (73) in font XNOVLA+LMMathExtension10-Regular
[INFO ] 06-21-2019 12:39:08 pl.edu.mimuw.kk408986.WatchDir removeFromIndex - Directory /home/baka475/Pulpit/test removed.
[INFO ] 06-21-2019 12:40:24 pl.edu.mimuw.kk408986.WatchDir removeFromIndex - Directory /home/baka475/Pulpit/test removed.
[INFO ] 06-21-2019 12:41:45 pl.edu.mimuw.kk408986.WatchDir addDirectoryToIndexedDirectories - Directory /home/Pulpit/baka475/test added.
[ERROR] 06-21-2019 12:41:46 pl.edu.mimuw.kk408986.WatchDir main - Low-level I/O error: 
java.io.FileNotFoundException: /home/Pulpit/baka475/test (Nie ma takiego pliku ani katalogu)
	at java.base/java.io.FileInputStream.open0(Native Method)
	at java.base/java.io.FileInputStream.open(FileInputStream.java:219)
	at java.base/java.io.FileInputStream.<init>(FileInputStream.java:157)
	at org.apache.tika.io.TikaInputStream.<init>(TikaInputStream.java:496)
	at org.apache.tika.io.TikaInputStream.get(TikaInputStream.java:267)
	at org.apache.tika.Tika.parseToString(Tika.java:641)
	at pl.edu.mimuw.kk408986.FileIndexer.documentContentToString(FileIndexer.java:42)
	at pl.edu.mimuw.kk408986.FileIndexer.indexFile(FileIndexer.java:47)
	at pl.edu.mimuw.kk408986.FileIndexer.indexAllFiles(FileIndexer.java:88)
	at pl.edu.mimuw.kk408986.WatchDir.main(WatchDir.java:258)
[INFO ] 06-21-2019 12:42:05 pl.edu.mimuw.kk408986.WatchDir addDirectoryToIndexedDirectories - Directory /home/baka475/Pulpit/test added.
[WARN ] 06-21-2019 12:42:06 org.apache.pdfbox.pdmodel.font.PDSimpleFont toUnicode - No Unicode mapping for contintegraldisplay (73) in font XNOVLA+LMMathExtension10-Regular
[INFO ] 06-21-2019 12:42:20 pl.edu.mimuw.kk408986.WatchDir addDirectoryToIndexedDirectories - Directory /home/baka475/Pulpit/Kacper/rejs added.
[INFO ] 06-21-2019 12:42:43 pl.edu.mimuw.kk408986.WatchDir removeFromIndex - Directory /home/baka475/Pulpit/Kacper/rejs removed.
[INFO ] 06-21-2019 13:31:09 pl.edu.mimuw.kk408986.WatchDir purgeIndex - Index has been purged.
[INFO ] 06-21-2019 13:31:28 pl.edu.mimuw.kk408986.WatchDir addDirectoryToIndexedDirectories - Directory /home/baka475/Pulpit/test added.
[WARN ] 06-21-2019 13:31:30 org.apache.pdfbox.pdmodel.font.PDSimpleFont toUnicode - No Unicode mapping for contintegraldisplay (73) in font XNOVLA+LMMathExtension10-Regular
[INFO ] 06-21-2019 13:31:44 pl.edu.mimuw.kk408986.WatchDir main - Indexer has started observation.
[INFO ] 06-21-2019 13:31:55 pl.edu.mimuw.kk408986.WatchDir processEvents - ENTRY_CREATE: /home/baka475/Pulpit/test/Dokument bez nazwy
[INFO ] 06-21-2019 13:31:57 pl.edu.mimuw.kk408986.WatchDir processEvents - ENTRY_DELETE: /home/baka475/Pulpit/test/Dokument bez nazwy
[INFO ] 06-21-2019 13:31:57 pl.edu.mimuw.kk408986.WatchDir processEvents - ENTRY_CREATE: /home/baka475/Pulpit/test/testy
[INFO ] 06-21-2019 13:32:16 pl.edu.mimuw.kk408986.WatchDir processEvents - ENTRY_MODIFY: /home/baka475/Pulpit/test/testy
[INFO ] 06-21-2019 13:32:56 pl.edu.mimuw.kk408986.WatchDir processEvents - ENTRY_DELETE: /home/baka475/Pulpit/test/testy
[INFO ] 06-21-2019 13:33:19 pl.edu.mimuw.kk408986.WatchDir processEvents - ENTRY_CREATE: /home/baka475/Pulpit/test/PO2-v1.1.pdf
[WARN ] 06-21-2019 13:34:37 org.apache.pdfbox.pdmodel.font.PDSimpleFont toUnicode - No Unicode mapping for contintegraldisplay (73) in font XNOVLA+LMMathExtension10-Regular
[INFO ] 06-21-2019 13:34:39 pl.edu.mimuw.kk408986.WatchDir reindex - All directories reindexed.
[INFO ] 06-21-2019 13:36:35 pl.edu.mimuw.kk408986.WatchDir purgeIndex - Index has been purged.
[WARN ] 06-21-2019 13:36:52 org.apache.pdfbox.pdmodel.font.PDSimpleFont toUnicode - No Unicode mapping for contintegraldisplay (73) in font XNOVLA+LMMathExtension10-Regular
[INFO ] 06-21-2019 13:36:54 pl.edu.mimuw.kk408986.WatchDir addDirectoryToIndexedDirectories - Directory /home/baka475/Pulpit/test added.
[WARN ] 06-21-2019 13:37:05 org.apache.pdfbox.pdmodel.font.PDSimpleFont toUnicode - No Unicode mapping for contintegraldisplay (73) in font XNOVLA+LMMathExtension10-Regular
[INFO ] 06-21-2019 13:37:06 pl.edu.mimuw.kk408986.WatchDir addDirectoryToIndexedDirectories - Directory /home/baka475/Pulpit/test added.
[INFO ] 06-21-2019 13:37:06 pl.edu.mimuw.kk408986.WatchDir reindex - All directories reindexed.
